<?xml version="1.0" encoding="UTF-8"?>
<testsuite name="game.BoardTest" tests="1" skipped="0" failures="0" errors="0" timestamp="2016-01-15T13:29:12" hostname="Ronny" time="1.564">
  <properties/>
  <testcase name="testAddBonus" classname="game.BoardTest" time="1.564"/>
  <system-out><![CDATA[]]></system-out>
  <system-err><![CDATA[]]></system-err>
</testsuite>
